(prednet) vpn2-217:classifier mfonseca$ python convnet.py --config convnet__moments_nano__vgg_features_hard
Using TensorFlow backend.

==> Starting traininig: A convnet classifier using VGG features
Found 6000 samples belonging to 2 classes in ./results/vgg__moments_nano__features/training
Found 3010 samples belonging to 2 classes in ./results/vgg__moments_nano__features/validation
_________________________________________________________________
Layer (type)                 Output Shape              Param #   
=================================================================
conv2d_1 (Conv2D)            (None, 5, 5, 32)          147488    
_________________________________________________________________
activation_1 (Activation)    (None, 5, 5, 32)          0         
_________________________________________________________________
dropout_1 (Dropout)          (None, 5, 5, 32)          0         
_________________________________________________________________
flatten_1 (Flatten)          (None, 800)               0         
_________________________________________________________________
dense_1 (Dense)              (None, 32)                25632     
_________________________________________________________________
activation_2 (Activation)    (None, 32)                0         
_________________________________________________________________
dropout_2 (Dropout)          (None, 32)                0         
_________________________________________________________________
dense_2 (Dense)              (None, 2)                 66        
_________________________________________________________________
activation_3 (Activation)    (None, 2)                 0         
=================================================================
Total params: 173,186
Trainable params: 173,186
Non-trainable params: 0
_________________________________________________________________
Epoch 1/20
2018-06-25 21:02:11.172710: W tensorflow/core/platform/cpu_feature_guard.cc:45] The TensorFlow library wasn't compiled to use SSE4.2 instructions, but these are available on your machine and could speed up CPU computations.
2018-06-25 21:02:11.172738: W tensorflow/core/platform/cpu_feature_guard.cc:45] The TensorFlow library wasn't compiled to use AVX instructions, but these are available on your machine and could speed up CPU computations.
2018-06-25 21:02:11.172746: W tensorflow/core/platform/cpu_feature_guard.cc:45] The TensorFlow library wasn't compiled to use AVX2 instructions, but these are available on your machine and could speed up CPU computations.
2018-06-25 21:02:11.172754: W tensorflow/core/platform/cpu_feature_guard.cc:45] The TensorFlow library wasn't compiled to use FMA instructions, but these are available on your machine and could speed up CPU computations.
299/300 [============================>.] - ETA: 0s - loss: 1.1948 - acc: 0.7192Epoch 00000: val_loss improved from inf to 1.23456, saving model to ./results/convnet__moments_nano__vgg_features_hard/convnet.hdf5
300/300 [==============================] - 65s - loss: 1.1920 - acc: 0.7195 - val_loss: 1.2346 - val_acc: 0.5607
Epoch 2/20
299/300 [============================>.] - ETA: 0s - loss: 0.2842 - acc: 0.9070Epoch 00001: val_loss did not improve
300/300 [==============================] - 64s - loss: 0.2842 - acc: 0.9068 - val_loss: 3.3791 - val_acc: 0.5550
Epoch 3/20
298/300 [============================>.] - ETA: 0s - loss: 0.1896 - acc: 0.9555Epoch 00002: val_loss did not improve
300/300 [==============================] - 64s - loss: 0.1886 - acc: 0.9557 - val_loss: 3.7021 - val_acc: 0.5580
Epoch 4/20
297/300 [============================>.] - ETA: 0s - loss: 0.1531 - acc: 0.9737Epoch 00003: val_loss did not improve
300/300 [==============================] - 69s - loss: 0.1516 - acc: 0.9740 - val_loss: 5.5717 - val_acc: 0.5437
Epoch 5/20
299/300 [============================>.] - ETA: 0s - loss: 0.0842 - acc: 0.9808Epoch 00004: val_loss did not improve
300/300 [==============================] - 64s - loss: 0.0839 - acc: 0.9808 - val_loss: 5.9858 - val_acc: 0.5380
Epoch 6/20
298/300 [============================>.] - ETA: 0s - loss: 0.0468 - acc: 0.9901Epoch 00005: val_loss did not improve
300/300 [==============================] - 63s - loss: 0.0482 - acc: 0.9898 - val_loss: 6.0035 - val_acc: 0.5077
Epoch 7/20
299/300 [============================>.] - ETA: 0s - loss: 0.0670 - acc: 0.9916Epoch 00006: val_loss did not improve
300/300 [==============================] - 200s - loss: 0.0668 - acc: 0.9917 - val_loss: 6.4646 - val_acc: 0.5350

Evaluating model on test set...
Found 6000 samples belonging to 2 classes in ./results/vgg__moments_nano__features/training
Test loss: 1.42143972456 - acc: 0.524833336174