(prednet) vpn2-217:classifier mfonseca$ python convnet.py --config convnet__moments_nano__vgg_features
Using TensorFlow backend.

==> Starting traininig: A convnet classifier using VGG features
Found 6000 samples belonging to 2 classes in ./results/vgg__moments_nano__features/training
Found 3004 samples belonging to 2 classes in ./results/vgg__moments_nano__features/validation
_________________________________________________________________
Layer (type)                 Output Shape              Param #   
=================================================================
conv2d_1 (Conv2D)            (None, 5, 5, 32)          147488    
_________________________________________________________________
activation_1 (Activation)    (None, 5, 5, 32)          0         
_________________________________________________________________
dropout_1 (Dropout)          (None, 5, 5, 32)          0         
_________________________________________________________________
flatten_1 (Flatten)          (None, 800)               0         
_________________________________________________________________
dense_1 (Dense)              (None, 32)                25632     
_________________________________________________________________
activation_2 (Activation)    (None, 32)                0         
_________________________________________________________________
dropout_2 (Dropout)          (None, 32)                0         
_________________________________________________________________
dense_2 (Dense)              (None, 2)                 66        
_________________________________________________________________
activation_3 (Activation)    (None, 2)                 0         
=================================================================
Total params: 173,186
Trainable params: 173,186
Non-trainable params: 0
_________________________________________________________________
Epoch 1/20
2018-06-25 17:31:45.453045: W tensorflow/core/platform/cpu_feature_guard.cc:45] The TensorFlow library wasn't compiled to use SSE4.2 instructions, but these are available on your machine and could speed up CPU computations.
2018-06-25 17:31:45.453081: W tensorflow/core/platform/cpu_feature_guard.cc:45] The TensorFlow library wasn't compiled to use AVX instructions, but these are available on your machine and could speed up CPU computations.
2018-06-25 17:31:45.453090: W tensorflow/core/platform/cpu_feature_guard.cc:45] The TensorFlow library wasn't compiled to use AVX2 instructions, but these are available on your machine and could speed up CPU computations.
2018-06-25 17:31:45.453098: W tensorflow/core/platform/cpu_feature_guard.cc:45] The TensorFlow library wasn't compiled to use FMA instructions, but these are available on your machine and could speed up CPU computations.
299/300 [============================>.] - ETA: 0s - loss: 0.7153 - acc: 0.8975Epoch 00000: val_loss improved from inf to 1.12914, saving model to ./results/convnet__moments_nano__vgg_features/convnet.hdf5
300/300 [==============================] - 60s - loss: 0.7133 - acc: 0.8977 - val_loss: 1.1291 - val_acc: 0.8583
Epoch 2/20
299/300 [============================>.] - ETA: 0s - loss: 0.1457 - acc: 0.9788Epoch 00001: val_loss did not improve
300/300 [==============================] - 62s - loss: 0.1454 - acc: 0.9787 - val_loss: 1.8324 - val_acc: 0.8393
Epoch 3/20
299/300 [============================>.] - ETA: 0s - loss: 0.0851 - acc: 0.9876Epoch 00002: val_loss did not improve
300/300 [==============================] - 60s - loss: 0.0848 - acc: 0.9877 - val_loss: 2.7830 - val_acc: 0.7940
Epoch 4/20
299/300 [============================>.] - ETA: 0s - loss: 0.0810 - acc: 0.9901Epoch 00003: val_loss did not improve
300/300 [==============================] - 62s - loss: 0.0808 - acc: 0.9902 - val_loss: 2.0033 - val_acc: 0.8583
Epoch 5/20
299/300 [============================>.] - ETA: 0s - loss: 0.0501 - acc: 0.9938Epoch 00004: val_loss did not improve
300/300 [==============================] - 62s - loss: 0.0500 - acc: 0.9938 - val_loss: 1.9993 - val_acc: 0.8553
Epoch 6/20
299/300 [============================>.] - ETA: 0s - loss: 0.0385 - acc: 0.9943Epoch 00005: val_loss did not improve
300/300 [==============================] - 61s - loss: 0.0383 - acc: 0.9943 - val_loss: 2.0667 - val_acc: 0.8580
Epoch 7/20
299/300 [============================>.] - ETA: 0s - loss: 0.0355 - acc: 0.9958Epoch 00006: val_loss did not improve
300/300 [==============================] - 66s - loss: 0.0380 - acc: 0.9957 - val_loss: 2.6380 - val_acc: 0.8257

Evaluating model on test set...
Found 6000 samples belonging to 2 classes in ./results/vgg__moments_nano__features/training
Test loss: 0.738122812648 - acc: 0.878666664163