(prednet) vpn2-217:classifier mfonseca$ python convnet.py --config convlstm__moments_nano__vgg_features_easy
Using TensorFlow backend.

==> Starting traininig: A convnet classifier using VGG features
Found 196 samples belonging to 2 classes in ./results/vgg__moments_nano__features/training
Found 97 samples belonging to 2 classes in ./results/vgg__moments_nano__features/validation
2018-06-25 21:45:38.263981: W tensorflow/core/platform/cpu_feature_guard.cc:45] The TensorFlow library wasn't compiled to use SSE4.2 instructions, but these are available on your machine and could speed up CPU computations.
2018-06-25 21:45:38.264003: W tensorflow/core/platform/cpu_feature_guard.cc:45] The TensorFlow library wasn't compiled to use AVX instructions, but these are available on your machine and could speed up CPU computations.
2018-06-25 21:45:38.264008: W tensorflow/core/platform/cpu_feature_guard.cc:45] The TensorFlow library wasn't compiled to use AVX2 instructions, but these are available on your machine and could speed up CPU computations.
2018-06-25 21:45:38.264012: W tensorflow/core/platform/cpu_feature_guard.cc:45] The TensorFlow library wasn't compiled to use FMA instructions, but these are available on your machine and could speed up CPU computations.
_________________________________________________________________
Layer (type)                 Output Shape              Param #   
=================================================================
conv_lst_m2d_1 (ConvLSTM2D)  (None, 30, 5, 5, 10)      187960    
_________________________________________________________________
conv3d_1 (Conv3D)            (None, 30, 5, 5, 1)       271       
_________________________________________________________________
flatten_1 (Flatten)          (None, 750)               0         
_________________________________________________________________
dense_1 (Dense)              (None, 32)                24032     
_________________________________________________________________
activation_1 (Activation)    (None, 32)                0         
_________________________________________________________________
dropout_1 (Dropout)          (None, 32)                0         
_________________________________________________________________
dense_2 (Dense)              (None, 2)                 66        
_________________________________________________________________
activation_2 (Activation)    (None, 2)                 0         
=================================================================
Total params: 212,329
Trainable params: 212,329
Non-trainable params: 0
_________________________________________________________________
Epoch 1/20
8/9 [=========================>....] - ETA: 4s - loss: 0.7401 - acc: 0.5125 Epoch 00000: val_loss improved from inf to 0.75660, saving model to ./results/convlstm__moments_nano__vgg_features_easy/convlstm.hdf5
9/9 [==============================] - 155s - loss: 0.7274 - acc: 0.5333 - val_loss: 0.7566 - val_acc: 0.5375
Epoch 2/20
8/9 [=========================>....] - ETA: 1s - loss: 0.6149 - acc: 0.6875Epoch 00001: val_loss improved from 0.75660 to 0.52383, saving model to ./results/convlstm__moments_nano__vgg_features_easy/convlstm.hdf5
9/9 [==============================] - 114s - loss: 0.5969 - acc: 0.7056 - val_loss: 0.5238 - val_acc: 0.8000
Epoch 3/20
8/9 [=========================>....] - ETA: 1s - loss: 0.3787 - acc: 0.7938Epoch 00002: val_loss did not improve
9/9 [==============================] - 109s - loss: 0.3638 - acc: 0.8111 - val_loss: 0.5349 - val_acc: 0.7000
Epoch 4/20
8/9 [=========================>....] - ETA: 1s - loss: 0.1648 - acc: 0.9625Epoch 00003: val_loss did not improve
9/9 [==============================] - 116s - loss: 0.1665 - acc: 0.9611 - val_loss: 0.6995 - val_acc: 0.7375
Epoch 5/20
8/9 [=========================>....] - ETA: 1s - loss: 0.1346 - acc: 0.9750Epoch 00004: val_loss improved from 0.52383 to 0.47137, saving model to ./results/convlstm__moments_nano__vgg_features_easy/convlstm.hdf5
9/9 [==============================] - 117s - loss: 0.1287 - acc: 0.9778 - val_loss: 0.4714 - val_acc: 0.8625
Epoch 6/20
8/9 [=========================>....] - ETA: 1s - loss: 0.0901 - acc: 0.9750Epoch 00005: val_loss improved from 0.47137 to 0.46547, saving model to ./results/convlstm__moments_nano__vgg_features_easy/convlstm.hdf5
9/9 [==============================] - 118s - loss: 0.0855 - acc: 0.9778 - val_loss: 0.4655 - val_acc: 0.8750
Epoch 7/20
8/9 [=========================>....] - ETA: 1s - loss: 0.0582 - acc: 1.0000Epoch 00006: val_loss improved from 0.46547 to 0.39822, saving model to ./results/convlstm__moments_nano__vgg_features_easy/convlstm.hdf5
9/9 [==============================] - 121s - loss: 0.0542 - acc: 1.0000 - val_loss: 0.3982 - val_acc: 0.8875
Epoch 8/20
8/9 [=========================>....] - ETA: 1s - loss: 0.0371 - acc: 0.9937Epoch 00007: val_loss improved from 0.39822 to 0.29853, saving model to ./results/convlstm__moments_nano__vgg_features_easy/convlstm.hdf5
9/9 [==============================] - 114s - loss: 0.0395 - acc: 0.9944 - val_loss: 0.2985 - val_acc: 0.8875
Epoch 9/20
8/9 [=========================>....] - ETA: 1s - loss: 0.0346 - acc: 0.9937Epoch 00008: val_loss did not improve
9/9 [==============================] - 112s - loss: 0.0313 - acc: 0.9944 - val_loss: 0.4993 - val_acc: 0.8500
Epoch 10/20
8/9 [=========================>....] - ETA: 1s - loss: 0.0398 - acc: 1.0000Epoch 00009: val_loss did not improve
9/9 [==============================] - 112s - loss: 0.0429 - acc: 1.0000 - val_loss: 0.5748 - val_acc: 0.8375
Epoch 11/20
8/9 [=========================>....] - ETA: 1s - loss: 0.0054 - acc: 1.0000Epoch 00010: val_loss did not improve
9/9 [==============================] - 112s - loss: 0.0065 - acc: 1.0000 - val_loss: 0.5948 - val_acc: 0.8875
Epoch 12/20
8/9 [=========================>....] - ETA: 1s - loss: 0.0235 - acc: 0.9875Epoch 00011: val_loss did not improve
9/9 [==============================] - 108s - loss: 0.0293 - acc: 0.9833 - val_loss: 0.3292 - val_acc: 0.9000
Epoch 13/20
8/9 [=========================>....] - ETA: 1s - loss: 0.0633 - acc: 0.9750Epoch 00012: val_loss did not improve
9/9 [==============================] - 108s - loss: 0.0618 - acc: 0.9778 - val_loss: 0.3955 - val_acc: 0.9250
Epoch 14/20
8/9 [=========================>....] - ETA: 1s - loss: 0.0104 - acc: 1.0000Epoch 00013: val_loss did not improve
9/9 [==============================] - 106s - loss: 0.0096 - acc: 1.0000 - val_loss: 0.6896 - val_acc: 0.8750

Evaluating model on test set...
Found 195 samples belonging to 2 classes in ./results/vgg__moments_nano__features/training
Test loss: 0.179963773737 - acc: 0.922222216924